{"/Volumes/local-workplace/WOPRBot/src/index.ts": {"path":"/Volumes/local-workplace/WOPRBot/src/index.ts","statementMap":{"0":{"start":{"line":2,"column":16},"end":{"line":2,"column":23}},"1":{"start":{"line":3,"column":2},"end":{"line":3,"column":27}}},"fnMap":{"0":{"name":"hello","decl":{"start":{"line":1,"column":16},"end":{"line":1,"column":21}},"loc":{"start":{"line":1,"column":32},"end":{"line":4,"column":1}},"line":1}},"branchMap":{},"s":{"0":1,"1":1},"f":{"0":1},"b":{},"_coverageSchema":"1a1c01bbd47fc00a2c39e90264f33305004495a9","hash":"f4f6d6ebb998fa5be12f1bdc508ac1494ff78de5"}
}
